[backblue.gif]
[fade.gif]
[index.html]
[www.xcoater.com/index.html]
[www.xynmkj.cn/index.html]
[static202.yun300.cn/public/css/cecc/animate.css,iconfont.css,bootstrap.min.css,response.mind6e4.css]
[static202.yun300.cn/css/site_impt_rd6e4.css]
[static202.yun300.cn/css/ftmpl_impt_19060f82-679e-4e33-bf56-32747883a57fd6e4.css]
[static202.yun300.cn/css/page_impt_blank0d6e4.css]
[www.xynmkj.cn/favicon.ico]
[www.xynmkj.cn/upload/css/style70d2.css]
[dfs.yun300.cn/group1/M00/15/98/rBQBG1yZ0aOEPRaZAAAAAGqmAjE1702.js]
[www.xynmkj.cn/img/company_logo.png]
[static202.yun300.cn/public/wgt/coreLibs/cecc/interwords/interwords_zh_CN.min.js,handle.min.js,libs.min.js,render.minc715.js]
[www.xynmkj.cn/About.html]
[www.xynmkj.cn/Honor.html]
[www.xynmkj.cn/Partner.html]
[www.xynmkj.cn/repository/image/-QDa7fRdRFqX81UjHgeR-Q.jpg_{i}xaf.jpg]
[www.xynmkj.cn/intro/26.html]
[www.xynmkj.cn/intro/27.html]
[www.xynmkj.cn/intro/28.html]
[www.xynmkj.cn/intro/29.html]
[www.xynmkj.cn/intro/34.html]
[www.xynmkj.cn/Honor12.html]
[www.xynmkj.cn/repository/image/5DqFJECFTP61XpA_OcKXlQ.jpg_{i}xaf.jpg]
[www.xynmkj.cn/intro/30.html]
[www.xynmkj.cn/intro/31.html]
[www.xynmkj.cn/intro/32.html]
[www.xynmkj.cn/intro/33.html]
[www.xynmkj.cn/intro/37.html]
[www.xynmkj.cn/intro/24.html]
[www.xynmkj.cn/intro/25.html]
[www.xynmkj.cn/Video.html]
[www.xynmkj.cn/login1862.html]
[dfs.yun300.cn/group1/M00/1F/E6/rBQBHGFKzwyED0lEAAAAAAgFLqU891.png]
[www.xynmkj.cn/Contact.html]
[dfs.yun300.cn/group1/M00/06/F0/rBQBHWFKz0eEXOxCAAAAAOkLPBM980.png]
[dfs.yun300.cn/group1/M00/06/F0/rBQBHWFKzi-EbGkuAAAAAMzwAYE657.png]
[www.xynmkj.cn/news/9/index.html]
[www.xynmkj.cn/news/10/index.html]
[www.xynmkj.cn/repository/image/08ea2c3b-f0b4-4601-8ed0-b2cdd1673ff3.png]
[www.xynmkj.cn/repository/image/5f83c3b8-a62b-4f5a-b26a-f27aeb0960a7.jpg]
[www.xynmkj.cn/news/11/index.html]
[www.xynmkj.cn/repository/image/b60251b2-62c7-495a-828a-f834f7433ccc.png]
[www.xynmkj.cn/repository/image/a49f4e5e-91b1-4056-9cea-5a7d54c0356d.jpg]
[www.xynmkj.cn/repository/image/f7c4349a-28cb-4a06-8874-15b40c2209bf.png]
[www.xynmkj.cn/repository/image/a644741a-1985-4227-bcb9-4971ecaf305f.jpg]
[img202.yun300.cn/repository/image/NFa_uQVLQh6cKd3xNu-YFAc5b9.png]
[dfs.yun300.cn/group1/M00/1A/B8/rBQBG2FK5euEbI86AAAAABKe5Pk994.png]
[dfs.yun300.cn/group1/M00/1A/B8/rBQBG2FL1LWEHk9jAAAAAEMJFSg155.png]
[img202.yun300.cn/repository/image/cf73a77c-207f-4617-ae38-86113f4e445dc5b9.png]
[img202.yun300.cn/repository/image/effded6e-5bfd-44c9-9972-15537cd7ec61c5b9.png]
[img202.yun300.cn/img/homepage276d9.png]
[dfs.yun300.cn/group1/M00/19/C9/rBQBHF3c4AqEC9w2AAAAAGmyH7Q649.css]
[img202.yun300.cn/repository/image/760c1069-671a-4960-9477-c77b23294962c5b9.png]
[img202.yun300.cn/repository/image/bfa1947c-d1cb-46de-bd30-f322029a68b5c5b9.png]
[img202.yun300.cn/repository/image/fdbc88c6-868f-4928-84b8-2c1e861fb176c5b9.png]
[img202.yun300.cn/repository/image/e4d291ea-572d-468f-87fa-b38c55b8a850c5b9.png]
[img202.yun300.cn/img/688a76d9.png]
[www.xynmkj.cn/news/62.html]
[img202.yun300.cn/repository/image/5af251a9-7a5c-4f3a-ab67-7bbf7d0ad80a.png_{i}xaf76d9.png]
[www.xynmkj.cn/news/61.html]
[www.xynmkj.cn/news/60.html]
[www.xynmkj.cn/news/59.html]
[www.xynmkj.cn/news/58.html]
[img202.yun300.cn/img/bolo276d9.png]
[img202.yun300.cn/img/ercode376d9.png]
[dfs.yun300.cn/group1/M00/1F/E6/rBQBHGFK1BCESOAMAAAAAMHQHTs079.png]
[dfs.yun300.cn/group1/M00/06/F0/rBQBHWFK1EaEP8drAAAAAGVOuzM645.png]
[dfs.yun300.cn/group1/M00/1A/B8/rBQBG2FK1FqEKvXnAAAAAEg7HXU186.png]
[dfs.yun300.cn/group1/M00/20/40/rBQBHGGkfReEDzrzAAAAALl5sE0761.png]
[www.xynmkj.cn/index.html]
[www.xynmkj.cn/upload/js/wow.min8ff0.js]
[static202.yun300.cn/public/css/cecc/animate.css,iconfont.css,bootstrap.min.css,response.mind6e4.css]
[static202.yun300.cn/css/site_impt_rd6e4.css]
[static202.yun300.cn/img/camera28cf.png]
[static202.yun300.cn/css/ftmpl_impt_19060f82-679e-4e33-bf56-32747883a57fd6e4.css]
[static202.yun300.cn/img/688a28cf.jpg]
[static202.yun300.cn/css/page_impt_blank0d6e4.css]
[www.xynmkj.cn/upload/css/style70d2.css]
[static202.yun300.cn/css/page_impt_Aboutd6e4.css]
[www.xynmkj.cn/upload/css/stylecd80.css]
[img202.yun300.cn/repository/image/7c82dc8f-30d6-419d-855e-2f733c04b220c5b9.jpg]
[dfs.yun300.cn/group1/M00/1F/E7/rBQBHGFL4FaETqnKAAAAAMEyrOg168.png]
[img202.yun300.cn/img/11976d9.png]
[www.xynmkj.cn/upload/js/wow.mind437.js]
[www.xynmkj.cn/About.html]
[static202.yun300.cn/css/page_impt_Honord6e4.css]
[www.xynmkj.cn/upload/css/styleb1e9.css]
[www.xynmkj.cn/repository/image/6df287ca-9893-480f-b33f-9d230d2081ed.jpg]
[img202.yun300.cn/repository/image/6df287ca-9893-480f-b33f-9d230d2081ed.jpg_{i}xaf76d9.jpg]
[www.xynmkj.cn/repository/image/8a52be27-3c42-4abf-b507-da43fc8c47e7.jpg]
[img202.yun300.cn/repository/image/8a52be27-3c42-4abf-b507-da43fc8c47e7.jpeg_{i}xaf76d9.jpg]
[www.xynmkj.cn/repository/image/133b8c0a-1b52-44ee-84e5-e9001aab1212.png]
[img202.yun300.cn/repository/image/133b8c0a-1b52-44ee-84e5-e9001aab1212.png_{i}xaf76d9.png]
[www.xynmkj.cn/repository/image/99f61e8f-4da0-438b-b9d5-f57cff35a9f7.jpg]
[img202.yun300.cn/repository/image/99f61e8f-4da0-438b-b9d5-f57cff35a9f7.jpg_{i}xaf76d9.jpg]
[www.xynmkj.cn/repository/image/1a7e1f2a-3363-4c94-8531-0304f8b39904.jpg]
[img202.yun300.cn/repository/image/1a7e1f2a-3363-4c94-8531-0304f8b39904.jpg_{i}xaf76d9.jpg]
[www.xynmkj.cn/repository/image/153c8d79-f11d-47db-b3bf-a8962be70c10.png]
[img202.yun300.cn/repository/image/153c8d79-f11d-47db-b3bf-a8962be70c10.png_{i}xaf76d9.png]
[www.xynmkj.cn/repository/image/310ac27e-bee6-4292-8813-510966fa225c.png]
[img202.yun300.cn/repository/image/310ac27e-bee6-4292-8813-510966fa225c.png_{i}xaf76d9.png]
[www.xynmkj.cn/repository/image/32c45b48-b9d5-4c1f-bfa3-2c0d9dbbecd1.png]
[img202.yun300.cn/repository/image/32c45b48-b9d5-4c1f-bfa3-2c0d9dbbecd1.png_{i}xaf76d9.png]
[www.xynmkj.cn/repository/image/109aab84-9832-48d4-9103-3d2c37348364.png]
[img202.yun300.cn/repository/image/109aab84-9832-48d4-9103-3d2c37348364.png_{i}xaf76d9.png]
[www.xynmkj.cn/repository/image/72f3ffb3-fee1-4c52-8d3e-595dee6e010d.png]
[img202.yun300.cn/repository/image/72f3ffb3-fee1-4c52-8d3e-595dee6e010d.png_{i}xaf76d9.png]
[www.xynmkj.cn/repository/image/95d169d2-a99c-488c-b51d-c89f79f894cd.png]
[img202.yun300.cn/repository/image/95d169d2-a99c-488c-b51d-c89f79f894cd.png_{i}xaf76d9.png]
[www.xynmkj.cn/repository/image/10085239-fb64-453f-98e0-5cef78b0a14b.png]
[img202.yun300.cn/repository/image/10085239-fb64-453f-98e0-5cef78b0a14b.png_{i}xaf76d9.png]
[www.xynmkj.cn/repository/image/b6250e5f-da09-42c5-a9dc-423c0d5cbfe3.png]
[img202.yun300.cn/repository/image/b6250e5f-da09-42c5-a9dc-423c0d5cbfe3.png_{i}xaf76d9.png]
[www.xynmkj.cn/repository/image/675b9e87-3658-4792-914e-3cc538b827ba.jpg]
[img202.yun300.cn/repository/image/675b9e87-3658-4792-914e-3cc538b827ba.jpg_{i}xaf76d9.jpg]
[dfs.yun300.cn/group1/M00/1A/0E/rBQBHV7wX1-EULjiAAAAAP8BVn48063.js]
[dfs.yun300.cn/group1/M00/1A/0E/rBQBHV7wX06EUZcpAAAAAMCFpFo274.css]
[www.xynmkj.cn/Honor.html]
[www.xynmkj.cn/upload/js/wow.min996b.js]
[static202.yun300.cn/css/page_impt_Partnerd6e4.css]
[www.xynmkj.cn/upload/css/stylee063.css]
[img202.yun300.cn/repository/image/z8tN7TA0RImPOMyRsqGYmwc5b9.jpg]
[img202.yun300.cn/repository/image/cd12e3f8-a7d8-4ba3-aa6b-2b2166f9993ec5b9.jpg]
[img202.yun300.cn/repository/image/a8225c7e-1e3f-419e-a77a-3b3a96023b25c5b9.jpg]
[img202.yun300.cn/repository/image/2425d236-b484-4c4b-ae6b-f4a5158cde49c5b9.jpg]
[img202.yun300.cn/repository/image/79d328b1-ed4c-4b86-ba03-683582a6e215c5b9.jpg]
[img202.yun300.cn/repository/image/8f33f63b-7603-45ea-bf0a-7839d1e4b770c5b9.jpg]
[img202.yun300.cn/repository/image/c2bd176a-6c3d-41c4-8dfe-713c20409a8fc5b9.jpg]
[img202.yun300.cn/repository/image/PEaQaiBpRaiU-tvj074OsAc5b9.jpg]
[www.xynmkj.cn/upload/js/wow.min409d.js]
[www.xynmkj.cn/Partner.html]
[static202.yun300.cn/css/page_impt_Honor1d6e4.css]
[www.xynmkj.cn/upload/css/style4c91.css]
[img202.yun300.cn/repository/image/69c60b00-d74e-4794-8710-e61ead097421c5b9.jpg]
[www.xynmkj.cn/intro/38.html]
[www.xynmkj.cn/public/css/iconfont.css]
[img.yun300.cn/group1/M00/17/52/rBQBG10WOmSEKwj0AAAAAM0kY2g866.png]
[img.yun300.cn/group1/M00/20/08/rBQBHGFvZnuEfQ8pAAAAALy9doo797.jpg]
[img.yun300.cn/group1/M00/1A/C3/rBQBG2FvZrmEXmZEAAAAAFg9Vkc071.jpg]
[img.yun300.cn/group1/M00/1F/FF/rBQBHGFmv5CEAi9qAAAAAHXolwI802.png]
[www.xynmkj.cn/upload/js/wow.mind084.js]
[www.xynmkj.cn/intro/26.html]
[www.xynmkj.cn/upload/css/style77f4.css]
[www.xynmkj.cn/repository/image/f59bb769-cf7a-48e1-a895-3f687371937d.jpg]
[img.yun300.cn/group1/M00/20/08/rBQBHGFvZwaERwEIAAAAAHgEGRg862.jpg]
[www.xynmkj.cn/intro/27.html]
[www.xynmkj.cn/upload/js/wow.min3c7e.js]
[www.xynmkj.cn/upload/css/style0c02.css]
[img.yun300.cn/group1/M00/1F/FF/rBQBHGFmv4SEaWDVAAAAAIYCwys729.png]
[img.yun300.cn/group1/M00/20/03/rBQBHGFpJpGEBgEAAAAAAM6JEWs812.jpg]
[img.yun300.cn/group1/M00/20/02/rBQBHGFpIk-ETj1-AAAAAMvNQoE237.jpg]
[img.yun300.cn/group1/M00/20/03/rBQBHGFpL0SEM-HmAAAAABvJiZE995.jpg]
[www.xynmkj.cn/intro/28.html]
[www.xynmkj.cn/upload/js/wow.min6952.js]
[www.xynmkj.cn/upload/css/style9c68.css]
[img.yun300.cn/group1/M00/06/FB/rBQBHWFpIlaELTTBAAAAAC5yB6c430.jpg]
[www.xynmkj.cn/repository/image/c2e751f8-6c6e-49a1-88eb-a3c5a7cb454f.png]
[www.xynmkj.cn/repository/image/8488b3bd-57a8-4cb9-bf8d-14ff28325584.png]
[www.xynmkj.cn/repository/image/cd886af7-7444-4a76-bbca-354055a8cb0c.png]
[www.xynmkj.cn/repository/image/0805b34f-6802-4b01-b09e-a28689bd1294.png]
[www.xynmkj.cn/upload/js/wow.mina673.js]
[www.xynmkj.cn/intro/29.html]
[www.xynmkj.cn/upload/css/styled443.css]
[www.xynmkj.cn/repository/image/47d9e869-6017-4b6c-ad1f-1413eec3dfd5.jpg]
[www.xynmkj.cn/repository/image/fb4b4d99-3d0a-47ac-add6-b45ff12b91a1.jpg]
[www.xynmkj.cn/upload/js/wow.min8e50.js]
[www.xynmkj.cn/intro/34.html]
[static202.yun300.cn/css/page_impt_Honor12d6e4.css]
[www.xynmkj.cn/upload/css/stylee564.css]
[www.xynmkj.cn/corpvideo/5.html]
[img202.yun300.cn/repository/image/4f0ffde3-2018-473b-b32e-164c4fd579e4.png_{i}xaf76d9.png]
[www.xynmkj.cn/corpvideo/4.html]
[img202.yun300.cn/repository/image/21357e23-0dbf-4ae4-8cc3-ba27058f68c4.png_{i}xaf76d9.png]
[www.xynmkj.cn/corpvideo/8.html]
[img202.yun300.cn/repository/image/8aa144ba-613a-47da-a960-1a22b7c20ef7.png_{i}xaf76d9.png]
[www.xynmkj.cn/corpvideo/6.html]
[img202.yun300.cn/repository/image/75c7a1fd-dc00-4bb1-9a41-b985083f85a4.png_{i}xaf76d9.png]
[www.xynmkj.cn/corpvideo/7.a3.delayed]
[img202.yun300.cn/repository/image/35133082-7e6b-483e-a793-833b01f7dc21.png_{i}xaf76d9.png]
[www.xynmkj.cn/corpvideo/9.a5.delayed]
[img202.yun300.cn/repository/image/32cd4e88-5430-4a5c-8d94-5a4b637868d2.png_{i}xaf76d9.png]
[www.xynmkj.cn/Honor12.html]
[www.xynmkj.cn/upload/js/wow.min09c3.js]
[static202.yun300.cn/css/page_impt_Honor11d6e4.css]
[www.xynmkj.cn/upload/css/style13bc.css]
[img202.yun300.cn/repository/image/229b27ec-b8a9-4eb0-a58b-c65e495a39c7c5b9.jpg]
[img.yun300.cn/group1/M00/20/03/rBQBHGFpN3CEJX8wAAAAAG6qvdU542.jpg]
[img.yun300.cn/group1/M00/06/FC/rBQBHWFpOB-EUWssAAAAAJo5lp0924.jpg]
[www.xynmkj.cn/upload/js/wow.minbe2f.js]
[www.xynmkj.cn/intro/30.html]
[www.xynmkj.cn/upload/css/style0cb6.css]
[www.xynmkj.cn/repository/image/9b1709b3-7f74-4e26-9bbe-288d9ad2d8d6.png]
[img.yun300.cn/group1/M00/1A/C1/rBQBG2FpODWEeg5JAAAAAFpsc3Q081.jpg]
[www.xynmkj.cn/repository/image/50efc5f0-a7df-4cd4-ad02-2019cda0b5d1.png]
[img.yun300.cn/group1/M00/1A/C1/rBQBG2FpN-OESYD9AAAAAL7xtOc049.png]
[www.xynmkj.cn/repository/image/72d556d2-a830-4469-924e-78305352755d.jpg]
[www.xynmkj.cn/upload/js/wow.minc7a2.js]
[www.xynmkj.cn/intro/31.html]
[www.xynmkj.cn/upload/css/style69be.css]
[img.yun300.cn/group1/M00/06/F7/rBQBHWFk_d6EP8ogAAAAACBcJLU840.jpg]
[img.yun300.cn/group1/M00/1F/FB/rBQBHGFk_HaEP-C-AAAAADEmB9k187.jpg]
[img.yun300.cn/group1/M00/06/F7/rBQBHWFk_IqEWAy3AAAAAKFMTjs335.jpg]
[img.yun300.cn/group1/M00/1A/BE/rBQBG2Fk_JaEIGXDAAAAACIK690704.jpg]
[img.yun300.cn/group1/M00/1F/FB/rBQBHGFk_JCEItOwAAAAAAlCQXE413.jpg]
[www.xynmkj.cn/intro/32.html]
[www.xynmkj.cn/upload/js/wow.min57e5.js]
[www.xynmkj.cn/upload/css/style3484.css]
[www.xynmkj.cn/repository/image/2bf3c41a-9dc3-41fa-bd5f-1625685fd284.png]
[img.yun300.cn/group1/M00/06/F7/rBQBHWFk_JSEIaOqAAAAAKgZljM866.jpg]
[img.yun300.cn/group1/M00/1F/FB/rBQBHGFk_JmEIUlBAAAAAF23JNM781.jpg]
[www.xynmkj.cn/intro/33.html]
[www.xynmkj.cn/upload/js/wow.min17ca.js]
[www.xynmkj.cn/upload/css/stylee030.css]
[img.yun300.cn/group1/M00/1A/BE/rBQBG2FlAPGETXzFAAAAAI4GS5k807.jpg]
[www.xynmkj.cn/upload/js/wow.minecbb.js]
[www.xynmkj.cn/intro/37.html]
[static202.yun300.cn/css/page_impt_Honor111d6e4.css]
[www.xynmkj.cn/upload/css/style820c.css]
[img202.yun300.cn/repository/image/ee11a4b1-13d8-4f3c-8ec3-feb2c8a08932c5b9.jpg]
[img.yun300.cn/group1/M00/06/FD/rBQBHWFuWfCEXxPhAAAAAJtKCjU354.png]
[www.xynmkj.cn/upload/js/wow.mindcd6.js]
[www.xynmkj.cn/intro/24.html]
[www.xynmkj.cn/upload/css/stylee46b.css]
[www.xynmkj.cn/repository/image/c4f01a89-9b2a-4176-8135-83ab0b77026d.png]
[www.xynmkj.cn/upload/js/wow.min15cf.js]
[www.xynmkj.cn/intro/25.html]
[static202.yun300.cn/css/page_impt_Videod6e4.css]
[www.xynmkj.cn/upload/css/stylec5f4.css]
[www.xynmkj.cn/Video.html]
[www.xynmkj.cn/upload/js/wow.minfe83.js]
[static202.yun300.cn/css/page_impt_ind6e4.css]
[www.xynmkj.cn/upload/css/style57c9.css]
[www.xynmkj.cn/Register.html]
[www.xynmkj.cn/forget.html]
[www.xynmkj.cn/login1862.html]
[static202.yun300.cn/css/page_impt_Honor1111d6e4.css]
[www.xynmkj.cn/upload/js/wow.minb0cb.js]
[www.xynmkj.cn/upload/css/style7e3e.css]
[img202.yun300.cn/repository/image/KBY9BwFTRu-Ej3sx0q5Pvgc5b9.jpg]
[img202.yun300.cn/repository/image/5af251a9-7a5c-4f3a-ab67-7bbf7d0ad80ac5b9.png]
[img202.yun300.cn/repository/image/a644741a-1985-4227-bcb9-4971ecaf305fc5b9.jpg]
[img202.yun300.cn/repository/image/bbeb8081-fb6b-4824-881d-4bf44a1c11e1c5b9.jpg]
[www.xynmkj.cn/news/57.html]
[www.xynmkj.cn/news/56.html]
[www.xynmkj.cn/news/55.html]
[www.xynmkj.cn/news/54.html]
[dfs.yun300.cn/group1/M00/19/C8/rBQBHF3c0QKEZzkiAAAAACS-P-c8284.js]
[www.xynmkj.cn/upload/js/wow.min58de.js]
[www.xynmkj.cn/news/9/index.html]
[www.xynmkj.cn/upload/css/style1a6c.css]
[www.xynmkj.cn/news/49.html]
[img202.yun300.cn/repository/image/e0c88267-a19b-4630-baca-fa3152826609c5b9.jpg]
[www.xynmkj.cn/news/50.html]
[www.xynmkj.cn/news/51.html]
[img202.yun300.cn/repository/image/1cf20829-4823-4d90-b58b-e4c942376ac5c5b9.jpg]
[www.xynmkj.cn/news/39.html]
[img202.yun300.cn/repository/image/73887085-8d77-43c3-8bec-882a93db84a9c5b9.png]
[www.xynmkj.cn/news/38.html]
[img202.yun300.cn/repository/image/cd886af7-7444-4a76-bbca-354055a8cb0cc5b9.png]
[www.xynmkj.cn/upload/js/wow.min22b9.js]
[www.xynmkj.cn/news/10/index.html]
[www.xynmkj.cn/upload/css/styleae62.css]
[www.xynmkj.cn/news/53.html]
[img202.yun300.cn/repository/image/38140849-d361-4475-a0f3-fd9ff216b7d5c5b9.jpg]
[www.xynmkj.cn/news/52.html]
[www.xynmkj.cn/news/48.html]
[img202.yun300.cn/repository/image/8488b3bd-57a8-4cb9-bf8d-14ff28325584c5b9.png]
[www.xynmkj.cn/news/47.html]
[www.xynmkj.cn/news/11/index.html]
[static202.yun300.cn/css/page_impt_Contactd6e4.css]
[www.xynmkj.cn/upload/css/stylebed5.css]
[www.xynmkj.cn/upload/js/wow.min6d26.js]
[img202.yun300.cn/repository/image/ff5de2b4-8717-4b98-ad1b-360c2f96fad1c5b9.jpg]
[webapi.amap.com/demos/js/liteToolbar.js]
[www.xynmkj.cn/upload/js/wow.mina8ef.js]
[www.xynmkj.cn/Contact.html]
[dfs.yun300.cn/group1/M00/19/C9/rBQBHF3c4AqEC9w2AAAAAGmyH7Q649.css]
[static202.yun300.cn/css/page_impt_Honor11111d6e4.css]
[www.xynmkj.cn/upload/css/style3518.css]
[static.bshare.cn/b/buttonLite.js]
[static.bshare.cn/b/bshareC0.js]
[www.xynmkj.cn/repository/image/5af251a9-7a5c-4f3a-ab67-7bbf7d0ad80a.png]
[www.xynmkj.cn/upload/js/wow.minfc52.js]
[www.xynmkj.cn/news/62.html]
[www.xynmkj.cn/upload/css/style5433.css]
[www.xynmkj.cn/repository/image/760c1069-671a-4960-9477-c77b23294962.png]
[www.xynmkj.cn/upload/js/wow.minc633.js]
[www.xynmkj.cn/news/61.html]
[www.xynmkj.cn/upload/css/stylefdd4.css]
[www.xynmkj.cn/upload/js/wow.mind5f4.js]
[www.xynmkj.cn/news/60.html]
[www.xynmkj.cn/upload/css/stylebfbf.css]
[www.xynmkj.cn/upload/js/wow.min572c.js]
[www.xynmkj.cn/news/59.html]
[www.xynmkj.cn/upload/css/stylec246.css]
[www.xynmkj.cn/upload/js/wow.min352f.js]
[www.xynmkj.cn/news/58.html]
[static202.yun300.cn/public/css/cecc/iconfont88d2.eot]
[static202.yun300.cn/public/css/cecc/iconfont88d2.woff]
[static202.yun300.cn/public/css/cecc/iconfont88d2.ttf]
[static202.yun300.cn/public/css/cecc/iconfont88d2.svg]
[static202.yun300.cn/img/xy_dh_bg28cf.html]
[static202.yun300.cn/img/4928cf.jpg]
[static202.yun300.cn/css/page_impt_Aboutd6e4.css]
[www.xynmkj.cn/upload/css/stylecd80.css]
[static202.yun300.cn/css/page_impt_Honord6e4.css]
[www.xynmkj.cn/upload/css/styleb1e9.css]
[www.xynmkj.cn/repository/image/8a52be27-3c42-4abf-b507-da43fc8c47e7.jpg]
[dfs.yun300.cn/group1/M00/1A/0E/rBQBHV7wX06EUZcpAAAAAMCFpFo274.css]
[dfs.yun300.cn/group1/M00/19/63/rBQBG18D6C2EAfkGAAAAAL9Jtxs81628cf.png]
[static202.yun300.cn/css/page_impt_Partnerd6e4.css]
[www.xynmkj.cn/upload/css/stylee063.css]
[static202.yun300.cn/css/page_impt_Honor1d6e4.css]
[www.xynmkj.cn/upload/css/style4c91.css]
[www.xynmkj.cn/upload/css/stylec098.css]
[img.yun300.cn/group1/M00/1A/C0/rBQBG2FmuK-EKrNVAAAAAP91ODk749.png]
[img.yun300.cn/group1/M00/1A/C0/rBQBG2Fmt7eEDiv_AAAAAChPj5c164.png]
[img.yun300.cn/group1/M00/1F/FF/rBQBHGFmuMiEF_aSAAAAAG9StL8327.png]
[www.xynmkj.cn/upload/js/wow.min873b.js]
[www.xynmkj.cn/intro/38.html]
[www.xynmkj.cn/public/css/iconfont88d2.eot]
[img.yun300.cn/group1/M00/1F/FF/rBQBHGFmuNaEISqdAAAAAO3sadM233.png]
[www.xynmkj.cn/public/css/iconfont88d2.woff]
[www.xynmkj.cn/public/css/iconfont88d2.ttf]
[www.xynmkj.cn/public/css/iconfont.css]
[www.xynmkj.cn/upload/css/style77f4.css]
[www.xynmkj.cn/upload/css/style0c02.css]
[www.xynmkj.cn/upload/css/style9c68.css]
[www.xynmkj.cn/upload/css/styled443.css]
[dfs.yun300.cn/group1/M00/03/FC/rBQBHVy3xleEA5sKAAAAAD68npA66028cf.png]
[static202.yun300.cn/css/page_impt_Honor12d6e4.css]
[www.xynmkj.cn/upload/css/stylee564.css]
[www.xynmkj.cn/corpvideo/5.html]
[www.xynmkj.cn/corpvideo/4.html]
[www.xynmkj.cn/corpvideo/8.html]
[www.xynmkj.cn/corpvideo/6.html]
[www.xynmkj.cn/corpvideo/7.html]
[www.xynmkj.cn/corpvideo/9.html]
[static202.yun300.cn/css/page_impt_Honor11d6e4.css]
[www.xynmkj.cn/upload/css/style13bc.css]
[www.xynmkj.cn/upload/css/style0cb6.css]
[www.xynmkj.cn/upload/css/style69be.css]
[www.xynmkj.cn/upload/css/style3484.css]
[www.xynmkj.cn/upload/css/stylee030.css]
[static202.yun300.cn/css/page_impt_Honor111d6e4.css]
[www.xynmkj.cn/upload/css/style820c.css]
[www.xynmkj.cn/upload/css/stylee46b.css]
[static202.yun300.cn/css/page_impt_Videod6e4.css]
[www.xynmkj.cn/upload/css/stylec5f4.css]
[static202.yun300.cn/css/page_impt_ind6e4.css]
[www.xynmkj.cn/upload/css/style57c9.css]
[static202.yun300.cn/css/page_impt_Registerd6e4.css]
[www.xynmkj.cn/upload/css/stylea626.css]
[www.xynmkj.cn/captcha/get.gif]
[www.xynmkj.cn/Register.html]
[www.xynmkj.cn/upload/js/wow.min7347.js]
[static202.yun300.cn/css/page_impt_forgetd6e4.css]
[www.xynmkj.cn/upload/css/stylef885.css]
[www.xynmkj.cn/login.html]
[www.xynmkj.cn/forget.html]
[static202.yun300.cn/css/page_impt_Honor1111d6e4.css]
[www.xynmkj.cn/upload/css/style7e3e.css]
[www.xynmkj.cn/upload/js/wow.min52fc.js]
[www.xynmkj.cn/upload/css/style7b8c.css]
[www.xynmkj.cn/news/57.html]
[www.xynmkj.cn/upload/js/wow.min0a33.js]
[www.xynmkj.cn/upload/css/style2fd8.css]
[www.xynmkj.cn/repository/image/bbeb8081-fb6b-4824-881d-4bf44a1c11e1.jpg]
[www.xynmkj.cn/news/56.html]
[www.xynmkj.cn/upload/css/style62ba.css]
[www.xynmkj.cn/news/55.html]
[www.xynmkj.cn/upload/js/wow.min7b3c.js]
[www.xynmkj.cn/upload/js/wow.min6d26-2.js]
[www.xynmkj.cn/upload/css/stylef10b.css]
[www.xynmkj.cn/news/54.html]
[www.xynmkj.cn/upload/css/style1a6c.css]
[www.xynmkj.cn/upload/js/wow.minc44b.js]
[www.xynmkj.cn/upload/css/style5a93.css]
[www.xynmkj.cn/repository/image/e0c88267-a19b-4630-baca-fa3152826609.jpg]
[www.xynmkj.cn/repository/image/e08638eb-5f69-4682-8e01-2b81b5eb93a1.jpg]
[www.xynmkj.cn/repository/image/d62a6c11-17cc-4ea0-902e-6542820f2c8f.jpg]
[www.xynmkj.cn/repository/image/93192e02-401f-45ec-9b69-4b885ac907fa.jpg]
[www.xynmkj.cn/repository/image/7be71600-e99b-4796-a021-0ede23078a35.jpg]
[www.xynmkj.cn/repository/image/b8a94533-7e2e-4b0f-bfba-baca9dc31c11.jpg]
[www.xynmkj.cn/repository/image/a16baf39-3032-41e3-919e-6c474b8ac182.jpg]
[www.xynmkj.cn/repository/image/1eb4eef1-db1c-486e-b197-47e219ad7e50.jpg]
[www.xynmkj.cn/repository/image/c3d18549-8f18-4e08-83d5-1cbab203829f.jpg]
[www.xynmkj.cn/repository/image/19131642-2f81-48b4-8543-e99f9c3929b8.jpg]
[www.xynmkj.cn/repository/image/084ef05d-b0c1-40a9-b0e7-fc77f6574fbc.jpg]
[www.xynmkj.cn/repository/image/344ae004-5569-4cb7-8882-8b93e1468961.jpg]
[www.xynmkj.cn/repository/image/08aea7d9-64eb-49f6-b32b-a7d284623df4.jpg]
[www.xynmkj.cn/repository/image/20d33970-1ab6-4a14-a09c-8d98ce2db357.jpg]
[www.xynmkj.cn/upload/js/wow.min24a7.js]
[www.xynmkj.cn/news/49.html]
[www.xynmkj.cn/upload/css/style903c.css]
[www.xynmkj.cn/upload/js/wow.minb081.js]
[www.xynmkj.cn/news/50.html]
[www.xynmkj.cn/upload/css/style3177.css]
[www.xynmkj.cn/upload/js/wow.min32b2.js]
[www.xynmkj.cn/news/51.html]
[www.xynmkj.cn/upload/css/style4cbf.css]
[www.xynmkj.cn/repository/image/73887085-8d77-43c3-8bec-882a93db84a9.png]
[www.xynmkj.cn/upload/js/wow.min43b5.js]
[www.xynmkj.cn/news/39.html]
[www.xynmkj.cn/upload/css/styleb763.css]
[www.xynmkj.cn/news/37.html]
[www.xynmkj.cn/upload/js/wow.mincfdc.js]
[www.xynmkj.cn/news/38.html]
[www.xynmkj.cn/upload/css/styleae62.css]
[www.xynmkj.cn/upload/css/stylea31e.css]
[www.xynmkj.cn/repository/image/38140849-d361-4475-a0f3-fd9ff216b7d5.jpg]
[www.xynmkj.cn/upload/js/wow.minaa31.js]
[www.xynmkj.cn/news/53.html]
[www.xynmkj.cn/upload/css/style3eb6.css]
[www.xynmkj.cn/upload/js/wow.mina167.js]
[www.xynmkj.cn/news/52.html]
[www.xynmkj.cn/upload/css/style6ce5.css]
[www.xynmkj.cn/upload/js/wow.mina1e3.js]
[www.xynmkj.cn/news/48.html]
[www.xynmkj.cn/upload/css/style699c.css]
[www.xynmkj.cn/news/47.html]
[static202.yun300.cn/css/page_impt_Contactd6e4.css]
[www.xynmkj.cn/upload/css/stylebed5.css]
[www.xynmkj.cn/news/46.html]
[www.xynmkj.cn/upload/js/wow.min52c2.js]
[static202.yun300.cn/css/page_impt_Honor11111d6e4.css]
[www.xynmkj.cn/upload/css/style3518.css]
[www.xynmkj.cn/upload/css/style5433.css]
[www.xynmkj.cn/upload/css/stylefdd4.css]
[www.xynmkj.cn/upload/css/stylebfbf.css]
[www.xynmkj.cn/upload/css/stylec246.css]
[www.xynmkj.cn/upload/css/stylec098.css]
[www.xynmkj.cn/public/css/iconfont88d2.svg]
[static202.yun300.cn/css/page_impt_Registerd6e4.css]
[www.xynmkj.cn/upload/css/stylea626.css]
[static202.yun300.cn/css/page_impt_forgetd6e4.css]
[www.xynmkj.cn/upload/css/stylef885.css]
[dfs.yun300.cn/group1/M00/1C/51/rBQBHF7pu42EaWj5AAAAALKICmY93328cf.jpg]
[www.xynmkj.cn/upload/css/style4e1a.css]
[www.xynmkj.cn/login.html]
[www.xynmkj.cn/upload/css/style7b8c.css]
[www.xynmkj.cn/upload/css/style2fd8.css]
[www.xynmkj.cn/upload/js/wow.mind323.js]
[www.xynmkj.cn/upload/css/style62ba.css]
[www.xynmkj.cn/upload/css/stylef10b.css]
[www.xynmkj.cn/upload/css/style5a93.css]
[www.xynmkj.cn/upload/css/style903c.css]
[www.xynmkj.cn/upload/css/style3177.css]
[www.xynmkj.cn/upload/css/style4cbf.css]
[www.xynmkj.cn/upload/css/styleb763.css]
[www.xynmkj.cn/upload/css/style38bf.css]
[www.xynmkj.cn/repository/image/78f1cbc1-dca7-4949-9ea7-cfc4f02d4738.jpg]
[www.xynmkj.cn/news/36.html]
[www.xynmkj.cn/news/37.html]
[www.xynmkj.cn/upload/css/stylea31e.css]
[www.xynmkj.cn/upload/css/style3eb6.css]
[www.xynmkj.cn/upload/css/style6ce5.css]
[www.xynmkj.cn/upload/css/style699c.css]
[www.xynmkj.cn/upload/js/wow.minfe37.js]
[www.xynmkj.cn/upload/css/stylef643.css]
[www.xynmkj.cn/news/45.html]
[www.xynmkj.cn/news/46.html]
[www.xynmkj.cn/upload/css/style4e1a.css]
[www.xynmkj.cn/upload/css/style38bf.css]
[www.xynmkj.cn/upload/js/wow.min8961.js]
[www.xynmkj.cn/upload/css/styleaa47.css]
[www.xynmkj.cn/repository/image/f79fa0c9-e368-4939-a026-083827a295e7.jpg]
[www.xynmkj.cn/news/35.html]
[www.xynmkj.cn/news/36.html]
[www.xynmkj.cn/upload/css/stylef643.css]
[www.xynmkj.cn/upload/js/wow.min89f9.js]
[www.xynmkj.cn/upload/css/style0cd5.css]
[www.xynmkj.cn/news/45.html]
[www.xynmkj.cn/upload/css/styleaa47.css]
[www.xynmkj.cn/news/44.html]
[www.xynmkj.cn/upload/js/wow.min4cf7.js]
[www.xynmkj.cn/upload/css/style39ea.css]
[www.xynmkj.cn/news/29.html]
[www.xynmkj.cn/news/35.html]
[www.xynmkj.cn/upload/css/style0cd5.css]
[www.xynmkj.cn/upload/js/wow.min6dcc.js]
[www.xynmkj.cn/upload/css/styleb630.css]
[www.xynmkj.cn/news/43.html]
[www.xynmkj.cn/news/44.html]
[www.xynmkj.cn/upload/css/style39ea.css]
[www.xynmkj.cn/upload/js/wow.min1f88.js]
[www.xynmkj.cn/upload/css/styledfc4.css]
[www.xynmkj.cn/news/26.html]
[www.xynmkj.cn/news/29.html]
[www.xynmkj.cn/upload/css/styleb630.css]
[www.xynmkj.cn/upload/js/wow.min5c7c.js]
[www.xynmkj.cn/upload/css/style7e09.css]
[www.xynmkj.cn/news/42.html]
[www.xynmkj.cn/news/43.html]
[www.xynmkj.cn/upload/css/styledfc4.css]
[www.xynmkj.cn/upload/js/wow.minbe2c.js]
[www.xynmkj.cn/upload/css/style79c8.css]
[www.xynmkj.cn/news/25.html]
[www.xynmkj.cn/news/26.html]
[www.xynmkj.cn/upload/css/style7e09.css]
[www.xynmkj.cn/upload/js/wow.mine4c2.js]
[www.xynmkj.cn/upload/css/styled4b7.css]
[www.xynmkj.cn/news/41.html]
[www.xynmkj.cn/news/42.html]
[www.xynmkj.cn/upload/css/style79c8.css]
[www.xynmkj.cn/upload/js/wow.min2e73.js]
[www.xynmkj.cn/upload/css/stylef8c5.css]
[www.xynmkj.cn/news/25.html]
[www.xynmkj.cn/upload/css/styled4b7.css]
[www.xynmkj.cn/upload/js/wow.min3bbd.js]
[www.xynmkj.cn/upload/css/style8865.css]
[www.xynmkj.cn/news/40.html]
[www.xynmkj.cn/news/41.html]
[www.xynmkj.cn/upload/css/stylef8c5.css]
[www.xynmkj.cn/upload/css/style8865.css]
[www.xynmkj.cn/upload/js/wow.minebf8.js]
[www.xynmkj.cn/upload/css/style50b5.css]
[www.xynmkj.cn/news/40.html]
[www.xynmkj.cn/upload/css/style50b5.css]
[www.xynmkj.cn/upload/js/wow.min1414.js]
